{"/Users/ernan/Desktop/guangpo/serverless/midway-mqtt/src/matchTopic.ts": {"path":"/Users/ernan/Desktop/guangpo/serverless/midway-mqtt/src/matchTopic.ts","statementMap":{"0":{"start":{"line":2,"column":0},"end":{"line":2,"column":62}},"1":{"start":{"line":3,"column":0},"end":{"line":3,"column":28}},"2":{"start":{"line":4,"column":16},"end":{"line":4,"column":35}},"3":{"start":{"line":5,"column":23},"end":{"line":18,"column":1}},"4":{"start":{"line":6,"column":24},"end":{"line":6,"column":63}},"5":{"start":{"line":7,"column":28},"end":{"line":7,"column":51}},"6":{"start":{"line":8,"column":24},"end":{"line":8,"column":52}},"7":{"start":{"line":9,"column":28},"end":{"line":9,"column":41}},"8":{"start":{"line":10,"column":17},"end":{"line":10,"column":19}},"9":{"start":{"line":11,"column":4},"end":{"line":16,"column":5}},"10":{"start":{"line":12,"column":8},"end":{"line":12,"column":52}},"11":{"start":{"line":14,"column":9},"end":{"line":16,"column":5}},"12":{"start":{"line":15,"column":8},"end":{"line":15,"column":52}},"13":{"start":{"line":17,"column":4},"end":{"line":17,"column":27}},"14":{"start":{"line":19,"column":19},"end":{"line":42,"column":1}},"15":{"start":{"line":20,"column":4},"end":{"line":21,"column":20}},"16":{"start":{"line":21,"column":8},"end":{"line":21,"column":20}},"17":{"start":{"line":22,"column":24},"end":{"line":22,"column":57}},"18":{"start":{"line":23,"column":23},"end":{"line":23,"column":55}},"19":{"start":{"line":24,"column":22},"end":{"line":24,"column":40}},"20":{"start":{"line":25,"column":21},"end":{"line":25,"column":38}},"21":{"start":{"line":26,"column":24},"end":{"line":26,"column":67}},"22":{"start":{"line":27,"column":4},"end":{"line":28,"column":21}},"23":{"start":{"line":28,"column":8},"end":{"line":28,"column":21}},"24":{"start":{"line":29,"column":4},"end":{"line":40,"column":5}},"25":{"start":{"line":29,"column":17},"end":{"line":29,"column":18}},"26":{"start":{"line":30,"column":21},"end":{"line":30,"column":35}},"27":{"start":{"line":31,"column":22},"end":{"line":31,"column":35}},"28":{"start":{"line":32,"column":8},"end":{"line":34,"column":9}},"29":{"start":{"line":33,"column":12},"end":{"line":33,"column":21}},"30":{"start":{"line":35,"column":8},"end":{"line":37,"column":9}},"31":{"start":{"line":36,"column":12},"end":{"line":36,"column":24}},"32":{"start":{"line":38,"column":8},"end":{"line":39,"column":25}},"33":{"start":{"line":39,"column":12},"end":{"line":39,"column":25}},"34":{"start":{"line":41,"column":4},"end":{"line":41,"column":16}},"35":{"start":{"line":43,"column":0},"end":{"line":43,"column":32}},"36":{"start":{"line":44,"column":0},"end":{"line":47,"column":3}}},"fnMap":{"0":{"name":"(anonymous_0)","decl":{"start":{"line":5,"column":23},"end":{"line":5,"column":24}},"loc":{"start":{"line":5,"column":34},"end":{"line":18,"column":1}},"line":5},"1":{"name":"(anonymous_1)","decl":{"start":{"line":19,"column":19},"end":{"line":19,"column":20}},"loc":{"start":{"line":19,"column":38},"end":{"line":42,"column":1}},"line":19}},"branchMap":{"0":{"loc":{"start":{"line":11,"column":4},"end":{"line":16,"column":5}},"type":"if","locations":[{"start":{"line":11,"column":4},"end":{"line":16,"column":5}},{"start":{"line":11,"column":4},"end":{"line":16,"column":5}}],"line":11},"1":{"loc":{"start":{"line":14,"column":9},"end":{"line":16,"column":5}},"type":"if","locations":[{"start":{"line":14,"column":9},"end":{"line":16,"column":5}},{"start":{"line":14,"column":9},"end":{"line":16,"column":5}}],"line":14},"2":{"loc":{"start":{"line":17,"column":11},"end":{"line":17,"column":26}},"type":"binary-expr","locations":[{"start":{"line":17,"column":11},"end":{"line":17,"column":17}},{"start":{"line":17,"column":21},"end":{"line":17,"column":26}}],"line":17},"3":{"loc":{"start":{"line":20,"column":4},"end":{"line":21,"column":20}},"type":"if","locations":[{"start":{"line":20,"column":4},"end":{"line":21,"column":20}},{"start":{"line":20,"column":4},"end":{"line":21,"column":20}}],"line":20},"4":{"loc":{"start":{"line":26,"column":24},"end":{"line":26,"column":67}},"type":"cond-expr","locations":[{"start":{"line":26,"column":47},"end":{"line":26,"column":56}},{"start":{"line":26,"column":59},"end":{"line":26,"column":67}}],"line":26},"5":{"loc":{"start":{"line":27,"column":4},"end":{"line":28,"column":21}},"type":"if","locations":[{"start":{"line":27,"column":4},"end":{"line":28,"column":21}},{"start":{"line":27,"column":4},"end":{"line":28,"column":21}}],"line":27},"6":{"loc":{"start":{"line":27,"column":8},"end":{"line":27,"column":31}},"type":"binary-expr","locations":[{"start":{"line":27,"column":8},"end":{"line":27,"column":18}},{"start":{"line":27,"column":22},"end":{"line":27,"column":31}}],"line":27},"7":{"loc":{"start":{"line":32,"column":8},"end":{"line":34,"column":9}},"type":"if","locations":[{"start":{"line":32,"column":8},"end":{"line":34,"column":9}},{"start":{"line":32,"column":8},"end":{"line":34,"column":9}}],"line":32},"8":{"loc":{"start":{"line":32,"column":12},"end":{"line":32,"column":62}},"type":"binary-expr","locations":[{"start":{"line":32,"column":13},"end":{"line":32,"column":25}},{"start":{"line":32,"column":29},"end":{"line":32,"column":34}},{"start":{"line":32,"column":40},"end":{"line":32,"column":53}},{"start":{"line":32,"column":57},"end":{"line":32,"column":61}}],"line":32},"9":{"loc":{"start":{"line":35,"column":8},"end":{"line":37,"column":9}},"type":"if","locations":[{"start":{"line":35,"column":8},"end":{"line":37,"column":9}},{"start":{"line":35,"column":8},"end":{"line":37,"column":9}}],"line":35},"10":{"loc":{"start":{"line":35,"column":12},"end":{"line":35,"column":62}},"type":"binary-expr","locations":[{"start":{"line":35,"column":13},"end":{"line":35,"column":25}},{"start":{"line":35,"column":29},"end":{"line":35,"column":34}},{"start":{"line":35,"column":40},"end":{"line":35,"column":44}},{"start":{"line":35,"column":48},"end":{"line":35,"column":61}}],"line":35},"11":{"loc":{"start":{"line":38,"column":8},"end":{"line":39,"column":25}},"type":"if","locations":[{"start":{"line":38,"column":8},"end":{"line":39,"column":25}},{"start":{"line":38,"column":8},"end":{"line":39,"column":25}}],"line":38}},"s":{"0":1,"1":1,"2":1,"3":1,"4":66,"5":66,"6":66,"7":66,"8":66,"9":66,"10":7,"11":59,"12":17,"13":66,"14":1,"15":34,"16":1,"17":33,"18":33,"19":33,"20":33,"21":33,"22":33,"23":0,"24":33,"25":33,"26":93,"27":93,"28":93,"29":20,"30":73,"31":7,"32":66,"33":16,"34":10,"35":1,"36":1},"f":{"0":66,"1":34},"b":{"0":[7,59],"1":[17,42],"2":[66,42],"3":[1,33],"4":[6,27],"5":[0,33],"6":[33,33],"7":[20,73],"8":[93,16,77,6],"9":[7,66],"10":[73,8,66,60],"11":[16,50]},"inputSourceMap":null,"_coverageSchema":"1a1c01bbd47fc00a2c39e90264f33305004495a9","hash":"34dbed909761afef79a9cf08308d0b905e4d30c6"}
}
