TN:
SF:src/matchTopic.ts
FN:5,(anonymous_0)
FN:19,(anonymous_1)
FNF:2
FNH:2
FNDA:66,(anonymous_0)
FNDA:34,(anonymous_1)
DA:2,1
DA:3,1
DA:4,1
DA:5,1
DA:6,66
DA:7,66
DA:8,66
DA:9,66
DA:10,66
DA:11,66
DA:12,7
DA:14,59
DA:15,17
DA:17,66
DA:19,1
DA:20,34
DA:21,1
DA:22,33
DA:23,33
DA:24,33
DA:25,33
DA:26,33
DA:27,33
DA:28,0
DA:29,33
DA:30,93
DA:31,93
DA:32,93
DA:33,20
DA:35,73
DA:36,7
DA:38,66
DA:39,16
DA:41,10
DA:43,1
DA:44,1
LF:36
LH:35
BRDA:11,0,0,7
BRDA:11,0,1,59
BRDA:14,1,0,17
BRDA:14,1,1,42
BRDA:17,2,0,66
BRDA:17,2,1,42
BRDA:20,3,0,1
BRDA:20,3,1,33
BRDA:26,4,0,6
BRDA:26,4,1,27
BRDA:27,5,0,0
BRDA:27,5,1,33
BRDA:27,6,0,33
BRDA:27,6,1,33
BRDA:32,7,0,20
BRDA:32,7,1,73
BRDA:32,8,0,93
BRDA:32,8,1,16
BRDA:32,8,2,77
BRDA:32,8,3,6
BRDA:35,9,0,7
BRDA:35,9,1,66
BRDA:35,10,0,73
BRDA:35,10,1,8
BRDA:35,10,2,66
BRDA:35,10,3,60
BRDA:38,11,0,16
BRDA:38,11,1,50
BRF:28
BRH:27
end_of_record
